# JRE version: OpenJDK Runtime Environment Temurin-21.0.10+7 (21.0.10+7) (build 21.0.10+7-LTS)
# Java VM: OpenJDK 64-Bit Server VM Temurin-21.0.10+7 (21.0.10+7-LTS, mixed mode, sharing, tiered, compressed oops, compressed class ptrs, parallel gc, windows-amd64)
GC Precious Log:
 CardTable entry size: 512
 CPUs: 8 total, 8 available
 Memory: 24270M
 Large Page Support: Disabled
 NUMA Support: Disabled
 Compressed Oops: Enabled (32-bit)
 Alignments: Space 512K, Generation 512K, Heap 2M
 Heap Min Capacity: 100M
 Heap Initial Capacity: 100M
 Heap Max Capacity: 2G
 Pre-touch: Disabled
 Parallel Workers: 8
Heap:
 PSYoungGen      total 6144K, used 5874K [0x00000000d5580000, 0x00000000d6600000, 0x0000000100000000)
  eden space 3584K, 92% used [0x00000000d5580000,0x00000000d58bc868,0x00000000d5900000)
  from space 2560K, 100% used [0x00000000d5900000,0x00000000d5b80000,0x00000000d5b80000)
  to   space 6656K, 27% used [0x00000000d5f80000,0x00000000d6150000,0x00000000d6600000)
 ParOldGen       total 220160K, used 219918K [0x0000000080000000, 0x000000008d700000, 0x00000000d5580000)
  object space 220160K, 99% used [0x0000000080000000,0x000000008d6c5bd0,0x000000008d700000)
 Metaspace       used 89264K, committed 90944K, reserved 1179648K
  class space    used 8688K, committed 9472K, reserved 1048576K
GC Heap History (20 events):
Event: 16938.979 GC heap before
{Heap before GC invocations=3171 (full 8):
 PSYoungGen      total 6656K, used 6182K [0x00000000d5580000, 0x00000000d6080000, 0x0000000100000000)
  eden space 3584K, 87% used [0x00000000d5580000,0x00000000d588cd28,0x00000000d5900000)
  from space 3072K, 99% used [0x00000000d5900000,0x00000000d5bfce28,0x00000000d5c00000)
  to   space 3584K, 0% used [0x00000000d5d00000,0x00000000d5d00000,0x00000000d6080000)
 ParOldGen       total 192000K, used 191695K [0x0000000080000000, 0x000000008bb80000, 0x00000000d5580000)
  object space 192000K, 99% used [0x0000000080000000,0x000000008bb33de0,0x000000008bb80000)
 Metaspace       used 89249K, committed 90944K, reserved 1179648K
  class space    used 8688K, committed 9472K, reserved 1048576K
}
Event: 16938.985 GC heap after
{Heap after GC invocations=3171 (full 8):
 PSYoungGen      total 7168K, used 2138K [0x00000000d5580000, 0x00000000d5f80000, 0x0000000100000000)
  eden space 4608K, 0% used [0x00000000d5580000,0x00000000d5580000,0x00000000d5a00000)
  from space 2560K, 83% used [0x00000000d5d00000,0x00000000d5f16850,0x00000000d5f80000)
  to   space 2560K, 0% used [0x00000000d5a80000,0x00000000d5a80000,0x00000000d5d00000)
 ParOldGen       total 195072K, used 194651K [0x0000000080000000, 0x000000008be80000, 0x00000000d5580000)
  object space 195072K, 99% used [0x0000000080000000,0x000000008be16e00,0x000000008be80000)
 Metaspace       used 89249K, committed 90944K, reserved 1179648K
  class space    used 8688K, committed 9472K, reserved 1048576K
}
Event: 16939.010 GC heap before
{Heap before GC invocations=3172 (full 8):
 PSYoungGen      total 7168K, used 6746K [0x00000000d5580000, 0x00000000d5f80000, 0x0000000100000000)
  eden space 4608K, 99% used [0x00000000d5580000,0x00000000d59ffff0,0x00000000d5a00000)
  from space 2560K, 83% used [0x00000000d5d00000,0x00000000d5f16850,0x00000000d5f80000)
  to   space 2560K, 0% used [0x00000000d5a80000,0x00000000d5a80000,0x00000000d5d00000)
 ParOldGen       total 195072K, used 194651K [0x0000000080000000, 0x000000008be80000, 0x00000000d5580000)
  object space 195072K, 99% used [0x0000000080000000,0x000000008be16e00,0x000000008be80000)
 Metaspace       used 89250K, committed 90944K, reserved 1179648K
  class space    used 8688K, committed 9472K, reserved 1048576K
}
Event: 16939.015 GC heap after
{Heap after GC invocations=3172 (full 8):
 PSYoungGen      total 7680K, used 2140K [0x00000000d5580000, 0x00000000d6000000, 0x0000000100000000)
  eden space 5120K, 0% used [0x00000000d5580000,0x00000000d5580000,0x00000000d5a80000)
  from space 2560K, 83% used [0x00000000d5a80000,0x00000000d5c97020,0x00000000d5d00000)
  to   space 2560K, 0% used [0x00000000d5d80000,0x00000000d5d80000,0x00000000d6000000)
 ParOldGen       total 197120K, used 196693K [0x0000000080000000, 0x000000008c080000, 0x00000000d5580000)
  object space 197120K, 99% used [0x0000000080000000,0x000000008c015588,0x000000008c080000)
 Metaspace       used 89250K, committed 90944K, reserved 1179648K
  class space    used 8688K, committed 9472K, reserved 1048576K
}
Event: 16939.043 GC heap before
{Heap before GC invocations=3173 (full 8):
 PSYoungGen      total 7680K, used 7260K [0x00000000d5580000, 0x00000000d6000000, 0x0000000100000000)
  eden space 5120K, 100% used [0x00000000d5580000,0x00000000d5a80000,0x00000000d5a80000)
  from space 2560K, 83% used [0x00000000d5a80000,0x00000000d5c97020,0x00000000d5d00000)
  to   space 2560K, 0% used [0x00000000d5d80000,0x00000000d5d80000,0x00000000d6000000)
 ParOldGen       total 197120K, used 196693K [0x0000000080000000, 0x000000008c080000, 0x00000000d5580000)
  object space 197120K, 99% used [0x0000000080000000,0x000000008c015588,0x000000008c080000)
 Metaspace       used 89250K, committed 90944K, reserved 1179648K
  class space    used 8688K, committed 9472K, reserved 1048576K
}
Event: 16939.047 GC heap after
{Heap after GC invocations=3173 (full 8):
 PSYoungGen      total 8192K, used 1216K [0x00000000d5580000, 0x00000000d5f80000, 0x0000000100000000)
  eden space 6144K, 0% used [0x00000000d5580000,0x00000000d5580000,0x00000000d5b80000)
  from space 2048K, 59% used [0x00000000d5d80000,0x00000000d5eb0248,0x00000000d5f80000)
  to   space 2048K, 0% used [0x00000000d5b80000,0x00000000d5b80000,0x00000000d5d80000)
 ParOldGen       total 199168K, used 198737K [0x0000000080000000, 0x000000008c280000, 0x00000000d5580000)
  object space 199168K, 99% used [0x0000000080000000,0x000000008c2145c8,0x000000008c280000)
 Metaspace       used 89250K, committed 90944K, reserved 1179648K
  class space    used 8688K, committed 9472K, reserved 1048576K
}
Event: 16939.079 GC heap before
{Heap before GC invocations=3174 (full 8):
 PSYoungGen      total 8192K, used 7360K [0x00000000d5580000, 0x00000000d5f80000, 0x0000000100000000)
  eden space 6144K, 100% used [0x00000000d5580000,0x00000000d5b80000,0x00000000d5b80000)
  from space 2048K, 59% used [0x00000000d5d80000,0x00000000d5eb0248,0x00000000d5f80000)
  to   space 2048K, 0% used [0x00000000d5b80000,0x00000000d5b80000,0x00000000d5d80000)
 ParOldGen       total 199168K, used 198737K [0x0000000080000000, 0x000000008c280000, 0x00000000d5580000)
  object space 199168K, 99% used [0x0000000080000000,0x000000008c2145c8,0x000000008c280000)
 Metaspace       used 89250K, committed 90944K, reserved 1179648K
  class space    used 8688K, committed 9472K, reserved 1048576K
}
Event: 16939.083 GC heap after
{Heap after GC invocations=3174 (full 8):
 PSYoungGen      total 7680K, used 1088K [0x00000000d5580000, 0x00000000d5e80000, 0x0000000100000000)
  eden space 6144K, 0% used [0x00000000d5580000,0x00000000d5580000,0x00000000d5b80000)
  from space 1536K, 70% used [0x00000000d5b80000,0x00000000d5c90000,0x00000000d5d00000)
  to   space 1536K, 0% used [0x00000000d5d00000,0x00000000d5d00000,0x00000000d5e80000)
 ParOldGen       total 200192K, used 199838K [0x0000000080000000, 0x000000008c380000, 0x00000000d5580000)
  object space 200192K, 99% used [0x0000000080000000,0x000000008c327838,0x000000008c380000)
 Metaspace       used 89250K, committed 90944K, reserved 1179648K
  class space    used 8688K, committed 9472K, reserved 1048576K
}
Event: 16939.114 GC heap before
{Heap before GC invocations=3175 (full 8):
 PSYoungGen      total 7680K, used 7232K [0x00000000d5580000, 0x00000000d5e80000, 0x0000000100000000)
  eden space 6144K, 100% used [0x00000000d5580000,0x00000000d5b80000,0x00000000d5b80000)
  from space 1536K, 70% used [0x00000000d5b80000,0x00000000d5c90000,0x00000000d5d00000)
  to   space 1536K, 0% used [0x00000000d5d00000,0x00000000d5d00000,0x00000000d5e80000)
 ParOldGen       total 200192K, used 199838K [0x0000000080000000, 0x000000008c380000, 0x00000000d5580000)
  object space 200192K, 99% used [0x0000000080000000,0x000000008c327838,0x000000008c380000)
 Metaspace       used 89250K, committed 90944K, reserved 1179648K
  class space    used 8688K, committed 9472K, reserved 1048576K
}
Event: 16939.119 GC heap after
{Heap after GC invocations=3175 (full 8):
 PSYoungGen      total 7168K, used 896K [0x00000000d5580000, 0x00000000d5e00000, 0x0000000100000000)
  eden space 6144K, 0% used [0x00000000d5580000,0x00000000d5580000,0x00000000d5b80000)
  from space 1024K, 87% used [0x00000000d5d00000,0x00000000d5de0000,0x00000000d5e00000)
  to   space 1024K, 0% used [0x00000000d5c00000,0x00000000d5c00000,0x00000000d5d00000)
 ParOldGen       total 201216K, used 200864K [0x0000000080000000, 0x000000008c480000, 0x00000000d5580000)
  object space 201216K, 99% used [0x0000000080000000,0x000000008c4281f0,0x000000008c480000)
 Metaspace       used 89250K, committed 90944K, reserved 1179648K
  class space    used 8688K, committed 9472K, reserved 1048576K
}
Event: 16939.143 GC heap before
{Heap before GC invocations=3176 (full 8):
 PSYoungGen      total 7168K, used 7040K [0x00000000d5580000, 0x00000000d5e00000, 0x0000000100000000)
  eden space 6144K, 100% used [0x00000000d5580000,0x00000000d5b80000,0x00000000d5b80000)
  from space 1024K, 87% used [0x00000000d5d00000,0x00000000d5de0000,0x00000000d5e00000)
  to   space 1024K, 0% used [0x00000000d5c00000,0x00000000d5c00000,0x00000000d5d00000)
 ParOldGen       total 201216K, used 200864K [0x0000000080000000, 0x000000008c480000, 0x00000000d5580000)
  object space 201216K, 99% used [0x0000000080000000,0x000000008c4281f0,0x000000008c480000)
 Metaspace       used 89250K, committed 90944K, reserved 1179648K
  class space    used 8688K, committed 9472K, reserved 1048576K
}
Event: 16939.146 GC heap after
{Heap after GC invocations=3176 (full 8):
 PSYoungGen      total 7168K, used 996K [0x00000000d5580000, 0x00000000d5d80000, 0x0000000100000000)
  eden space 6144K, 0% used [0x00000000d5580000,0x00000000d5580000,0x00000000d5b80000)
  from space 1024K, 97% used [0x00000000d5c00000,0x00000000d5cf9210,0x00000000d5d00000)
  to   space 512K, 0% used [0x00000000d5d00000,0x00000000d5d00000,0x00000000d5d80000)
 ParOldGen       total 201728K, used 201696K [0x0000000080000000, 0x000000008c500000, 0x00000000d5580000)
  object space 201728K, 99% used [0x0000000080000000,0x000000008c4f8230,0x000000008c500000)
 Metaspace       used 89250K, committed 90944K, reserved 1179648K
  class space    used 8688K, committed 9472K, reserved 1048576K
}
Event: 16939.197 GC heap before
{Heap before GC invocations=3177 (full 8):
 PSYoungGen      total 7168K, used 6839K [0x00000000d5580000, 0x00000000d5d80000, 0x0000000100000000)
  eden space 6144K, 95% used [0x00000000d5580000,0x00000000d5b349f8,0x00000000d5b80000)
  from space 1024K, 97% used [0x00000000d5c00000,0x00000000d5cf9210,0x00000000d5d00000)
  to   space 512K, 0% used [0x00000000d5d00000,0x00000000d5d00000,0x00000000d5d80000)
 ParOldGen       total 201728K, used 201696K [0x0000000080000000, 0x000000008c500000, 0x00000000d5580000)
  object space 201728K, 99% used [0x0000000080000000,0x000000008c4f8230,0x000000008c500000)
 Metaspace       used 89250K, committed 90944K, reserved 1179648K
  class space    used 8688K, committed 9472K, reserved 1048576K
}
Event: 16939.205 GC heap after
{Heap after GC invocations=3177 (full 8):
 PSYoungGen      total 6656K, used 512K [0x00000000d5580000, 0x00000000d5e80000, 0x0000000100000000)
  eden space 6144K, 0% used [0x00000000d5580000,0x00000000d5580000,0x00000000d5b80000)
  from space 512K, 100% used [0x00000000d5d00000,0x00000000d5d80000,0x00000000d5d80000)
  to   space 1536K, 0% used [0x00000000d5b80000,0x00000000d5b80000,0x00000000d5d00000)
 ParOldGen       total 202752K, used 202614K [0x0000000080000000, 0x000000008c600000, 0x00000000d5580000)
  object space 202752K, 99% used [0x0000000080000000,0x000000008c5dd870,0x000000008c600000)
 Metaspace       used 89250K, committed 90944K, reserved 1179648K
  class space    used 8688K, committed 9472K, reserved 1048576K
}
Event: 16939.218 GC heap before
{Heap before GC invocations=3178 (full 8):
 PSYoungGen      total 6656K, used 6656K [0x00000000d5580000, 0x00000000d5e80000, 0x0000000100000000)
  eden space 6144K, 100% used [0x00000000d5580000,0x00000000d5b80000,0x00000000d5b80000)
  from space 512K, 100% used [0x00000000d5d00000,0x00000000d5d80000,0x00000000d5d80000)
  to   space 1536K, 0% used [0x00000000d5b80000,0x00000000d5b80000,0x00000000d5d00000)
 ParOldGen       total 202752K, used 202614K [0x0000000080000000, 0x000000008c600000, 0x00000000d5580000)
  object space 202752K, 99% used [0x0000000080000000,0x000000008c5dd870,0x000000008c600000)
 Metaspace       used 89250K, committed 90944K, reserved 1179648K
  class space    used 8688K, committed 9472K, reserved 1048576K
}
Event: 16939.223 GC heap after
{Heap after GC invocations=3178 (full 8):
 PSYoungGen      total 6656K, used 480K [0x00000000d5580000, 0x00000000d5d80000, 0x0000000100000000)
  eden space 6144K, 0% used [0x00000000d5580000,0x00000000d5580000,0x00000000d5b80000)
  from space 512K, 93% used [0x00000000d5b80000,0x00000000d5bf8000,0x00000000d5c00000)
  to   space 1024K, 0% used [0x00000000d5c80000,0x00000000d5c80000,0x00000000d5d80000)
 ParOldGen       total 209408K, used 208574K [0x0000000080000000, 0x000000008cc80000, 0x00000000d5580000)
  object space 209408K, 99% used [0x0000000080000000,0x000000008cbaf8b8,0x000000008cc80000)
 Metaspace       used 89250K, committed 90944K, reserved 1179648K
  class space    used 8688K, committed 9472K, reserved 1048576K
}
Event: 16939.384 GC heap before
{Heap before GC invocations=3179 (full 8):
 PSYoungGen      total 6656K, used 6624K [0x00000000d5580000, 0x00000000d5d80000, 0x0000000100000000)
  eden space 6144K, 100% used [0x00000000d5580000,0x00000000d5b80000,0x00000000d5b80000)
  from space 512K, 93% used [0x00000000d5b80000,0x00000000d5bf8000,0x00000000d5c00000)
  to   space 1024K, 0% used [0x00000000d5c80000,0x00000000d5c80000,0x00000000d5d80000)
 ParOldGen       total 209408K, used 208574K [0x0000000080000000, 0x000000008cc80000, 0x00000000d5580000)
  object space 209408K, 99% used [0x0000000080000000,0x000000008cbaf8b8,0x000000008cc80000)
 Metaspace       used 89250K, committed 90944K, reserved 1179648K
  class space    used 8688K, committed 9472K, reserved 1048576K
}
Event: 16939.387 GC heap after
{Heap after GC invocations=3179 (full 8):
 PSYoungGen      total 6144K, used 1024K [0x00000000d5580000, 0x00000000d5f80000, 0x0000000100000000)
  eden space 5120K, 0% used [0x00000000d5580000,0x00000000d5580000,0x00000000d5a80000)
  from space 1024K, 100% used [0x00000000d5c80000,0x00000000d5d80000,0x00000000d5d80000)
  to   space 2048K, 0% used [0x00000000d5a80000,0x00000000d5a80000,0x00000000d5c80000)
 ParOldGen       total 209408K, used 209083K [0x0000000080000000, 0x000000008cc80000, 0x00000000d5580000)
  object space 209408K, 99% used [0x0000000080000000,0x000000008cc2ece8,0x000000008cc80000)
 Metaspace       used 89250K, committed 90944K, reserved 1179648K
  class space    used 8688K, committed 9472K, reserved 1048576K
}
Event: 16939.468 GC heap before
{Heap before GC invocations=3180 (full 8):
 PSYoungGen      total 6144K, used 6134K [0x00000000d5580000, 0x00000000d5f80000, 0x0000000100000000)
  eden space 5120K, 99% used [0x00000000d5580000,0x00000000d5a7da68,0x00000000d5a80000)
  from space 1024K, 100% used [0x00000000d5c80000,0x00000000d5d80000,0x00000000d5d80000)
  to   space 2048K, 0% used [0x00000000d5a80000,0x00000000d5a80000,0x00000000d5c80000)
 ParOldGen       total 209408K, used 209083K [0x0000000080000000, 0x000000008cc80000, 0x00000000d5580000)
  object space 209408K, 99% used [0x0000000080000000,0x000000008cc2ece8,0x000000008cc80000)
 Metaspace       used 89261K, committed 90944K, reserved 1179648K
  class space    used 8688K, committed 9472K, reserved 1048576K
}
Event: 16939.472 GC heap after
{Heap after GC invocations=3180 (full 8):
 PSYoungGen      total 6656K, used 1104K [0x00000000d5580000, 0x00000000d5d80000, 0x0000000100000000)
  eden space 5120K, 0% used [0x00000000d5580000,0x00000000d5580000,0x00000000d5a80000)
  from space 1536K, 71% used [0x00000000d5a80000,0x00000000d5b94030,0x00000000d5c00000)
  to   space 1536K, 0% used [0x00000000d5c00000,0x00000000d5c00000,0x00000000d5d80000)
 ParOldGen       total 210432K, used 210059K [0x0000000080000000, 0x000000008cd80000, 0x00000000d5580000)
  object space 210432K, 99% used [0x0000000080000000,0x000000008cd22d18,0x000000008cd80000)
 Metaspace       used 89261K, committed 90944K, reserved 1179648K
  class space    used 8688K, committed 9472K, reserved 1048576K
}

